<?xml version="1.0" encoding="UTF-8"?>
<testsuite xmlns:xsi="http://www.w3.org/2001/XMLSchema-instance" xsi:noNamespaceSchemaLocation="https://maven.apache.org/surefire/maven-surefire-plugin/xsd/surefire-test-report-3.0.xsd" version="3.0" name="com.curso.java.unittests.MyServiceTest" time="0.425" tests="3" errors="0" skipped="0" failures="0">
  <properties>
[...]
</properties>
  <testcase name="evenOrOdd_even" classname="com.curso.java.unittests.MyServiceTest" time="0.409"/>
  <testcase name="evenOrOdd_odd" classname="com.curso.java.unittests.MyServiceTest" time="0.0"/>
  <testcase name="convertirString_ok" classname="com.curso.java.unittests.MyServiceTest" time="0.016"/>
</testsuite>